<?xml version="1.0" encoding="UTF-8"?>
<!-- Generated by org.testng.reporters.JUnitReportReporter -->
<testsuite hostname="Ubendran" failures="0" tests="1" name="scripts.Testcase2" time="47.386" errors="0" timestamp="2022-03-07T04:48:48 GMT" skipped="0">
  <testcase classname="scripts.Testcase2" name="tc2" time="47.386"/>
  <system-out/>
</testsuite> <!-- scripts.Testcase2 -->
