<?xml version="1.0" encoding="UTF-8"?>
<!-- Generated by org.testng.reporters.JUnitReportReporter -->
<testsuite hostname="Ubendran" failures="0" tests="1" name="scripts.Testcase1" time="10.154" errors="0" timestamp="2022-03-02T10:20:24 GMT" skipped="0">
  <testcase classname="scripts.Testcase1" name="tc1" time="10.154"/>
  <system-out/>
</testsuite> <!-- scripts.Testcase1 -->
